<?xml version="1.0" encoding="UTF-8"?>
<!-- Generated by org.testng.reporters.JUnitReportReporter -->
<testsuite hostname="LAPTOP-1RP67FD6" name="com.test.billing.testcase.LoginCase" tests="2" failures="0" timestamp="14 Jan 2019 06:20:01 GMT" time="2.718" errors="0">
  <testcase name="testgetUserOrganListCase" time="0.990" classname="com.test.billing.testcase.LoginCase"/>
  <testcase name="testLoginCase" time="1.728" classname="com.test.billing.testcase.LoginCase"/>
</testsuite> <!-- com.test.billing.testcase.LoginCase -->
